
ROM used: 5252 (64%)
          5303 (65%) including unused fragments

          2 Average locations per line
          10 Average locations per statement

RAM used: 52 (14%) at main() level
          123 (33%) worst case

Stack used: 4 worst case (out of 8 total available)

Lines Stmts  %   Files
----- ----- ---  -----
  153   105  21  Calculadora.c
  326     0   0  C:\Archivos de programa\PICC\devices\16f877a.h
  186    89  17  lcd3.c
  137    57  11  kbd1.c
 2172   260  51  C:\Archivos de programa\PICC\drivers\math.h
----- -----
 2974   511 Total

Page ROM  %  RAM   Vol Diff  Functions:
---- --- --- ---   --- ----  ----------
0     21   0   1             @delay_ms1
 Inline        1   236  2.3  lcd_leer
0     55   1   3   388  2.9  lcd_enviar
0     47   1   1   447  3.8  lcd_init
0     57   1   4   667  6.0  lcd_gotoxy
0     52   1   1   441  7.5  lcd_putc
0     20   0   0  1124 10.7  @const92
0      3   0   0     3  0.0  kbd_init
0    111   2   3  4259 10.2  kbd_getc
0      8   0   0             @goto10153
0     32   1   0   233  2.8  tecla
0    459   9  20  1124 10.7  CEIL_FLOOR
0     65   1  10    44  1.9  @FLT
0     33   1   4   257  7.2  @SFTOI
0     31   1   2    44  1.9  @ITOF
0    204   4  14  1071  8.0  @DIVFF
0    326   6  16             @ADDFF
0    119   2  13  1071  8.0  @MULFF
 Inline        4    43  2.1  floor
 Inline        4    44  1.9  ceil
0    277   5  16   257  7.2  fmod
1    651  12  22  1071  8.0  exp
1     39   1   2   556  7.5  @SITOF
1    742  14  25  1228  9.9  log
 Inline       12   556  7.5  pow
2    882  17   3  4005 10.9  MAIN
0      5   0   0             @const255
0     70   1   3             @PSTRINGC7_85
0      6   0   0             @const257
2      8   0   0             @goto10784
0      6   0   0             @const261
 Inline        5             @FTOSD
2     66   1  13             @DIV3232
2    251   5  13             @PRINTF_L32D_85FPFPF
1    602  11  10   447  9.0  obtenerNumero

Program metrics:
    Functions               24
    Statements              511
    Comments                441
    Volume (V)              31194
    Difficilty (D)          149.6
    Effort to implement (E) 4666039
    Time to implement (T)   72 hours, 0 minutes
    Est Delivered Bugs (B)  9
    Cyclomatic Complexity   78
    Maintainability (MI)    101

 Segment     Used  Free
-----------  ----  ----
00000-00003     4  0  
00004-007FF  2007  37  
00800-00FFF  2034  14  
01000-017FF  1207  841  
01800-01FFF     0  2048  



