
ROM used: 156 (2%)
          156 (2%) including unused fragments

          0 Average locations per line
          9 Average locations per statement

RAM used: 14 (4%) at main() level
          15 (4%) worst case

Stack used: 2 worst case (out of 8 total available)

Lines Stmts  %   Files
----- ----- ---  -----
   46    17 100  ejemplo.c
   20     0   0  ejemplo.h
  326     0   0  ..\..\..\..\..\..\..\Program Files (x86)\PICC\devices\16F877A.h
----- -----
  392    17 Total

Page ROM  %  RAM   Vol Diff  Functions:
---- --- --- ---   --- ----  ----------
0     21  13   1             @delay_ms1
0     13   8   0    37  1.1  TIMER1_isr
0     73  47   1   323  3.3  MAIN

Program metrics:
    Functions               2
    Statements              17
    Comments                82
    Volume (V)              408
    Difficilty (D)          4.3
    Effort to implement (E) 1770
    Time to implement (T)   2 minutes
    Est Delivered Bugs (B)  0
    Cyclomatic Complexity   1
    Maintainability (MI)    85

 Segment     Used  Free
-----------  ----  ----
00000-00003     4  0  
00004-00030    45  0  
00031-007FF   107  1892  
00800-00FFF     0  2048  
01000-017FF     0  2048  
01800-01FFF     0  2048  



