
ROM used: 461 (6%)
          461 (6%) including unused fragments

          1 Average locations per line
          6 Average locations per statement

RAM used: 7 (2%) at main() level
          19 (5%) worst case

Stack used: 5 worst case (out of 8 total available)

Lines Stmts  %   Files
----- ----- ---  -----
   39    10  13  LCD123.c
  326     0   0  ..\..\..\..\Archivos de programa\PICC\devices\16f877a.h
  238    69  87  flex_lcd.c
----- -----
  603    79 Total

Page ROM  %  RAM   Vol Diff  Functions:
---- --- --- ---   --- ----  ----------
0     21   5   1             @delay_ms1
0      8   2   0   228  2.2  @const66
0     55  12   1   328  2.7  lcd_send_nibble
0     49  11   1   362  2.3  lcd_read_nibble
 Inline        3   165  3.3  lcd_read_byte
0     73  16   3   319  4.1  lcd_send_byte
0     54  12   2   384  4.4  lcd_init
0     18   4   4   186  5.5  lcd_gotoxy
0     37   8   1   275  3.9  lcd_putc
0     58  13   1   228  2.2  MAIN
0      7   2   0             @const100
0     70  15   3             @PSTRINGC7_89
0      7   2   0             @const103

Program metrics:
    Functions               9
    Statements              79
    Comments                124
    Volume (V)              4004
    Difficilty (D)          29.7
    Effort to implement (E) 118869
    Time to implement (T)   1 hours, 50 minutes
    Est Delivered Bugs (B)  1
    Cyclomatic Complexity   8
    Maintainability (MI)    78

 Segment     Used  Free
-----------  ----  ----
00000-00003     4  0  
00004-007FF   457  1587  
00800-00FFF     0  2048  
01000-017FF     0  2048  
01800-01FFF     0  2048  



