CCS PCM C Compiler, Version 4.104, 5967               23-May-11 12:27

               Filename: C:\Documents and Settings\Administrador\Escritorio\cONVERSOR ANALOGO DIGITAL\conversor.lst

               ROM used: 72 words (1%)
                         Largest free fragment is 2048
               RAM used: 6 (2%) at main() level
                         7 (2%) worst case
               Stack:    1 locations

*
0000:  MOVLW  00
0001:  MOVWF  0A
0002:  GOTO   01B
0003:  NOP
.................... #include <16F877A.h> 
.................... //////// Standard Header file for the PIC16F877A device //////////////// 
.................... #device PIC16F877A 
.................... #list 
....................  
.................... #device adc=8 
.................... #use delay (clock=4000000) //frecuencia de operacion 
0004:  MOVLW  21
0005:  MOVWF  04
0006:  BCF    03.7
0007:  MOVF   00,W
0008:  BTFSC  03.2
0009:  GOTO   018
000A:  MOVLW  01
000B:  MOVWF  78
000C:  CLRF   77
000D:  DECFSZ 77,F
000E:  GOTO   00D
000F:  DECFSZ 78,F
0010:  GOTO   00C
0011:  MOVLW  4A
0012:  MOVWF  77
0013:  DECFSZ 77,F
0014:  GOTO   013
0015:  GOTO   016
0016:  DECFSZ 00,F
0017:  GOTO   00A
0018:  BCF    0A.3
0019:  BCF    0A.4
001A:  GOTO   046 (RETURN)
.................... #fuses xt, nowdt  //palabra de configuracion 
....................  
.................... int valor; 
.................... void main() 
.................... { 
001B:  CLRF   04
001C:  BCF    03.7
001D:  MOVLW  1F
001E:  ANDWF  03,F
001F:  BSF    03.5
0020:  BSF    1F.0
0021:  BSF    1F.1
0022:  BSF    1F.2
0023:  BCF    1F.3
0024:  MOVLW  07
0025:  MOVWF  1C
.................... Set_tris_b(0x00); 
0026:  MOVLW  00
0027:  MOVWF  06
.................... Setup_adc_ports(AN0); 
0028:  BCF    1F.0
0029:  BSF    1F.1
002A:  BSF    1F.2
002B:  BSF    1F.3
.................... Setup_adc(adc_clock_div_32); 
002C:  BCF    1F.6
002D:  BCF    03.5
002E:  BCF    1F.6
002F:  BSF    1F.7
0030:  BSF    03.5
0031:  BCF    1F.7
0032:  BCF    03.5
0033:  BSF    1F.0
.................... Set_adc_channel(0); 
0034:  MOVWF  78
0035:  MOVF   1F,W
0036:  ANDLW  C7
0037:  IORWF  78,W
0038:  MOVWF  1F
....................  
.................... For(;;) 
.................... { 
....................   
.................... Valor=read_adc(); 
0039:  BSF    1F.2
003A:  BTFSC  1F.2
003B:  GOTO   03A
003C:  MOVF   1E,W
003D:  MOVWF  20
.................... Output_b(valor); 
003E:  BSF    03.5
003F:  CLRF   06
0040:  BCF    03.5
0041:  MOVF   20,W
0042:  MOVWF  06
.................... Delay_ms(100); 
0043:  MOVLW  64
0044:  MOVWF  21
0045:  GOTO   004
.................... } 
0046:  GOTO   039
.................... } 
....................  
0047:  SLEEP

Configuration Fuses:
   Word  1: 3F71   XT NOWDT PUT NODEBUG NOPROTECT BROWNOUT NOLVP NOCPD NOWRT
