
ROM used: 72 (1%)
          72 (1%) including unused fragments

          0 Average locations per line
          8 Average locations per statement

RAM used: 6 (2%) at main() level
          7 (2%) worst case

Stack used: 1 worst case (out of 8 total available)

Lines Stmts  %   Files
----- ----- ---  -----
   23     9 100  conversor.c
  326     0   0  ..\..\..\..\Archivos de programa\PICC\devices\16F877A.h
----- -----
  349     9 Total

Page ROM  %  RAM   Vol Diff  Functions:
---- --- --- ---   --- ----  ----------
0     23  32   1             @delay_ms1
0     45  62   0   158  2.2  main

Program metrics:
    Functions               1
    Statements              9
    Comments                75
    Volume (V)              161
    Difficilty (D)          2.1
    Effort to implement (E) 331
    Time to implement (T)   0 minutes
    Est Delivered Bugs (B)  0
    Cyclomatic Complexity   1
    Maintainability (MI)    146

 Segment     Used  Free
-----------  ----  ----
00000-00003     4  0  
00004-007FF    68  1976  
00800-00FFF     0  2048  
01000-017FF     0  2048  
01800-01FFF     0  2048  



