
ROM used: 374 (5%)
          374 (5%) including unused fragments

          1 Average locations per line
          4 Average locations per statement

RAM used: 7 (2%) at main() level
          29 (8%) worst case

Stack used: 1 worst case (out of 8 total available)

Lines Stmts  %   Files
----- ----- ---  -----
  137    85 100  turnos.c
  326     0   0  C:\Archivos de programa\PICC\devices\16F877A.h
----- -----
  463    85 Total

Page ROM  %  RAM   Vol Diff  Functions:
---- --- --- ---   --- ----  ----------
0     21   6   1             @delay_ms1
0    349  93   1  3031  5.5  main

Program metrics:
    Functions               1
    Statements              85
    Comments                79
    Volume (V)              3034
    Difficilty (D)          5.5
    Effort to implement (E) 16591
    Time to implement (T)   15 minutes
    Est Delivered Bugs (B)  0
    Cyclomatic Complexity   12
    Maintainability (MI)    101

 Segment     Used  Free
-----------  ----  ----
00000-00003     4  0  
00004-007FF   370  1674  
00800-00FFF     0  2048  
01000-017FF     0  2048  
01800-01FFF     0  2048  



