
ROM used: 98 (1%)
          98 (1%) including unused fragments

          0 Average locations per line
          6 Average locations per statement

RAM used: 12 (3%) at main() level
          12 (3%) worst case

Stack used: 1 worst case (out of 8 total available)

Lines Stmts  %   Files
----- ----- ---  -----
   49    17 100  prueba.c
  298     0   0  ..\..\..\..\Archivos de programa\PICC\devices\16F877.h
----- -----
  347    17 Total

Page ROM  %  RAM   Vol Diff  Functions:
---- --- --- ---   --- ----  ----------
0     31  32   0   218  3.9  RB_isr
0     20  20   0   108  2.1  MAIN

Program metrics:
    Functions               2
    Statements              17
    Comments                78
    Volume (V)              396
    Difficilty (D)          6.0
    Effort to implement (E) 2390
    Time to implement (T)   2 minutes
    Est Delivered Bugs (B)  0
    Cyclomatic Complexity   5
    Maintainability (MI)    96

 Segment     Used  Free
-----------  ----  ----
00000-00003     4  0  
00004-0002E    43  0  
0002F-007FF    51  1950  
00800-00FFF     0  2048  
01000-017FF     0  2048  
01800-01FFF     0  2048  



