
ROM used: 136 (2%)
          136 (2%) including unused fragments

          0 Average locations per line
          1 Average locations per statement

RAM used: 8 (2%) at main() level
          9 (2%) worst case

Stack used: 1 worst case (out of 8 total available)

Lines Stmts  %   Files
----- ----- ---  -----
   46    29  25  Oscilador.c
  326     0   0  ..\..\..\..\Archivos de programa\PICC\devices\16f877A.h
  186    89  75  lcd3.c
----- -----
  558   118 Total

Page ROM  %  RAM   Vol Diff  Functions:
---- --- --- ---   --- ----  ----------
0     21  15   1             @delay_ms1
0    111  82   1   610  1.9  MAIN

Program metrics:
    Functions               1
    Statements              118
    Comments                116
    Volume (V)              613
    Difficilty (D)          1.8
    Effort to implement (E) 1130
    Time to implement (T)   1 minutes
    Est Delivered Bugs (B)  0
    Cyclomatic Complexity   1
    Maintainability (MI)    19

 Segment     Used  Free
-----------  ----  ----
00000-00003     4  0  
00004-007FF   132  1912  
00800-00FFF     0  2048  
01000-017FF     0  2048  
01800-01FFF     0  2048  



