Warning[205] C:\DOCUMENTS AND SETTINGS\ADMINISTRADOR\ESCRITORIO\SENSORES_2\SENSOR.ASM 1 : Found directive in column 1. (list)
Warning[205] C:\DOCUMENTS AND SETTINGS\ADMINISTRADOR\ESCRITORIO\SENSORES_2\SENSOR.ASM 5 : Found directive in column 1. (__CONFIG)
Warning[203] C:\DOCUMENTS AND SETTINGS\ADMINISTRADOR\ESCRITORIO\SENSORES_2\SENSOR.ASM 6 : Found opcode in column 1. (BSF)
Warning[203] C:\DOCUMENTS AND SETTINGS\ADMINISTRADOR\ESCRITORIO\SENSORES_2\SENSOR.ASM 7 : Found opcode in column 1. (BCF)
Warning[203] C:\DOCUMENTS AND SETTINGS\ADMINISTRADOR\ESCRITORIO\SENSORES_2\SENSOR.ASM 8 : Found opcode in column 1. (MOVLW)
Warning[203] C:\DOCUMENTS AND SETTINGS\ADMINISTRADOR\ESCRITORIO\SENSORES_2\SENSOR.ASM 9 : Found opcode in column 1. (MOVWF)
Message[302] C:\DOCUMENTS AND SETTINGS\ADMINISTRADOR\ESCRITORIO\SENSORES_2\SENSOR.ASM 9 : Register in operand not in bank 0.  Ensure that bank bits are correct.
Warning[203] C:\DOCUMENTS AND SETTINGS\ADMINISTRADOR\ESCRITORIO\SENSORES_2\SENSOR.ASM 11 : Found opcode in column 1. (MOVLW)
Warning[203] C:\DOCUMENTS AND SETTINGS\ADMINISTRADOR\ESCRITORIO\SENSORES_2\SENSOR.ASM 12 : Found opcode in column 1. (MOVWF)
Message[302] C:\DOCUMENTS AND SETTINGS\ADMINISTRADOR\ESCRITORIO\SENSORES_2\SENSOR.ASM 12 : Register in operand not in bank 0.  Ensure that bank bits are correct.
Warning[203] C:\DOCUMENTS AND SETTINGS\ADMINISTRADOR\ESCRITORIO\SENSORES_2\SENSOR.ASM 13 : Found opcode in column 1. (MOVLW)
Warning[203] C:\DOCUMENTS AND SETTINGS\ADMINISTRADOR\ESCRITORIO\SENSORES_2\SENSOR.ASM 14 : Found opcode in column 1. (MOVWF)
Message[302] C:\DOCUMENTS AND SETTINGS\ADMINISTRADOR\ESCRITORIO\SENSORES_2\SENSOR.ASM 14 : Register in operand not in bank 0.  Ensure that bank bits are correct.
Warning[203] C:\DOCUMENTS AND SETTINGS\ADMINISTRADOR\ESCRITORIO\SENSORES_2\SENSOR.ASM 15 : Found opcode in column 1. (MOVWF)
Message[302] C:\DOCUMENTS AND SETTINGS\ADMINISTRADOR\ESCRITORIO\SENSORES_2\SENSOR.ASM 15 : Register in operand not in bank 0.  Ensure that bank bits are correct.
Warning[203] C:\DOCUMENTS AND SETTINGS\ADMINISTRADOR\ESCRITORIO\SENSORES_2\SENSOR.ASM 16 : Found opcode in column 1. (MOVWF)
Message[302] C:\DOCUMENTS AND SETTINGS\ADMINISTRADOR\ESCRITORIO\SENSORES_2\SENSOR.ASM 16 : Register in operand not in bank 0.  Ensure that bank bits are correct.
Warning[203] C:\DOCUMENTS AND SETTINGS\ADMINISTRADOR\ESCRITORIO\SENSORES_2\SENSOR.ASM 19 : Found opcode in column 1. (BCF)
Warning[203] C:\DOCUMENTS AND SETTINGS\ADMINISTRADOR\ESCRITORIO\SENSORES_2\SENSOR.ASM 20 : Found opcode in column 1. (BCF)
Warning[203] C:\DOCUMENTS AND SETTINGS\ADMINISTRADOR\ESCRITORIO\SENSORES_2\SENSOR.ASM 21 : Found opcode in column 1. (BCF)
Warning[203] C:\DOCUMENTS AND SETTINGS\ADMINISTRADOR\ESCRITORIO\SENSORES_2\SENSOR.ASM 23 : Found opcode in column 1. (MOVLW)
Warning[203] C:\DOCUMENTS AND SETTINGS\ADMINISTRADOR\ESCRITORIO\SENSORES_2\SENSOR.ASM 24 : Found opcode in column 1. (CLRF)
Warning[203] C:\DOCUMENTS AND SETTINGS\ADMINISTRADOR\ESCRITORIO\SENSORES_2\SENSOR.ASM 25 : Found opcode in column 1. (CLRF)
Warning[203] C:\DOCUMENTS AND SETTINGS\ADMINISTRADOR\ESCRITORIO\SENSORES_2\SENSOR.ASM 26 : Found opcode in column 1. (CLRF)
Message[305] C:\DOCUMENTS AND SETTINGS\ADMINISTRADOR\ESCRITORIO\SENSORES_2\SENSOR.ASM 59 : Using default destination of 1 (file).
Message[305] C:\DOCUMENTS AND SETTINGS\ADMINISTRADOR\ESCRITORIO\SENSORES_2\SENSOR.ASM 75 : Using default destination of 1 (file).
Warning[205] C:\DOCUMENTS AND SETTINGS\ADMINISTRADOR\ESCRITORIO\SENSORES_2\SENSOR.ASM 96 : Found directive in column 1. (END)
