MPASM  5.40                        SENSOR.ASM   4-3-2011  17:41:49         PAGE  1


LOC  OBJECT CODE     LINE SOURCE TEXT
  VALUE

Warning[205]: Found directive in column 1. (list)
                      00001 list p=16F877A          ; SE DEFINE EL MICRO A UTILIZAR
                      00002 #INCLUDE <P16F877A.INC> ; NOS PERMITE TRABAJAR LOS REGISTROS DE PROPOSITO ESPECIFICO CON NOMBRES
                      00001         LIST
                      00002 
                      00003 ;==========================================================================
                      00004 ;  MPASM PIC16F877A processor include
                      00005 ; 
                      00006 ;  (c) Copyright 1999-2011 Microchip Technology, All rights reserved
                      00007 ;==========================================================================
                      00008 
                      00555         LIST
                      00003 
  00000006            00004 CONF_ADCON1 equ b'00000110' ; Configuracion PORTA E/S digital
Warning[205]: Found directive in column 1. (__CONFIG)
2007   3F31           00005 __CONFIG _CP_OFF & _WDT_OFF & _BODEN_OFF & _PWRTE_ON & _XT_OSC & _WRT_OFF & _LVP_OFF & _CPD_OFF
Warning[203]: Found opcode in column 1. (BSF)
0000   1683           00006 BSF STATUS,5 ;Banco1
Warning[203]: Found opcode in column 1. (BCF)
0001   1303           00007 BCF STATUS,6
Warning[203]: Found opcode in column 1. (MOVLW)
0002   3006           00008 MOVLW   CONF_ADCON1 ; Configurar el PORTA como digital
Warning[203]: Found opcode in column 1. (MOVWF)
Message[302]: Register in operand not in bank 0.  Ensure that bank bits are correct.
0003   009F           00009 MOVWF   ADCON1
                      00010 
Warning[203]: Found opcode in column 1. (MOVLW)
0004   300F           00011 MOVLW b'00001111' ; El puerto D para las entradas de los "sensores"
Warning[203]: Found opcode in column 1. (MOVWF)
Message[302]: Register in operand not in bank 0.  Ensure that bank bits are correct.
0005   0088           00012 MOVWF TRISD
Warning[203]: Found opcode in column 1. (MOVLW)
0006   3000           00013 MOVLW b'0000000' ; El puerto B y A para la salida, visualizacion por display y led Zonas
Warning[203]: Found opcode in column 1. (MOVWF)
Message[302]: Register in operand not in bank 0.  Ensure that bank bits are correct.
0007   0086           00014 MOVWF TRISB
Warning[203]: Found opcode in column 1. (MOVWF)
Message[302]: Register in operand not in bank 0.  Ensure that bank bits are correct.
0008   0085           00015 MOVWF TRISA
Warning[203]: Found opcode in column 1. (MOVWF)
Message[302]: Register in operand not in bank 0.  Ensure that bank bits are correct.
0009   0087           00016 MOVWF TRISC
                      00017 
                      00018 
Warning[203]: Found opcode in column 1. (BCF)
000A   1283           00019 BCF STATUS,5 ; Banco 2
Warning[203]: Found opcode in column 1. (BCF)
000B   1303           00020 BCF STATUS,6
Warning[203]: Found opcode in column 1. (BCF)
000C   1005           00021 BCF PORTA,0
                      00022 
Warning[203]: Found opcode in column 1. (MOVLW)
000D   3000           00023 MOVLW B'00000000'
MPASM  5.40                        SENSOR.ASM   4-3-2011  17:41:49         PAGE  2


LOC  OBJECT CODE     LINE SOURCE TEXT
  VALUE

Warning[203]: Found opcode in column 1. (CLRF)
000E   0188           00024 CLRF PORTD
Warning[203]: Found opcode in column 1. (CLRF)
000F   0187           00025 CLRF PORTC
Warning[203]: Found opcode in column 1. (CLRF)
0010   0186           00026 CLRF PORTB
0011                  00027 INICIO  
                      00028 
0011   1808           00029          BTFSC PORTD,0
0012   281D           00030          GOTO PRE1
                      00031                  
0013   1888           00032                  BTFSC PORTD,1 
0014   281D           00033                  GOTO PRE1
0015   1005           00034                  BCF  PORTA,0
0016   203A           00035                  CALL PONER_0
                      00036          
                      00037 
                      00038 
                      00039 
0017   1908           00040 ZONA2  BTFSC PORTD,2 
0018   282A           00041        GOTO  PRE3
                      00042 
0019   1988           00043            BTFSC PORTD,3
001A   282A           00044        GOTO PRE3
001B   1085           00045        BCF PORTA,1
                      00046 
                      00047 
                      00048                 
001C   2811           00049                 GOTO INICIO
                      00050 
                      00051 
001D   1405           00052 PRE1 BSF PORTA,0
001E   1908           00053      BTFSC PORTD,2
001F   1485           00054      BSF PORTA,1
0020   1988           00055      BTFSC PORTD,3
0021   1485           00056      BSF PORTA,1
0022   0808           00057      MOVF PORTD,W
0023   0087           00058      MOVWF PORTC
Message[305]: Using default destination of 1 (file).
0024   0A87           00059      INCF PORTC
0025   1A07           00060      BTFSC PORTC,4
0026   2040           00061      CALL PONER_3
0027   1E07           00062      BTFSS PORTC,4
0028   2037           00063      CALL PONER_1
0029   2811           00064      GOTO INICIO
                      00065      
                      00066 
                      00067 
002A   1485           00068 PRE3 BSF PORTA,1
002B   1808           00069      BTFSC PORTD,0
002C   1405           00070      BSF PORTA,0
002D   1888           00071      BTFSC PORTD,1
002E   1405           00072      BSF PORTA,0
MPASM  5.40                        SENSOR.ASM   4-3-2011  17:41:49         PAGE  3


LOC  OBJECT CODE     LINE SOURCE TEXT
  VALUE

002F   0808           00073      MOVF PORTD,W
0030   0087           00074      MOVWF PORTC
Message[305]: Using default destination of 1 (file).
0031   0A87           00075      INCF PORTC
0032   1A07           00076      BTFSC PORTC,4
0033   2040           00077      CALL PONER_3
0034   1E07           00078      BTFSS PORTC,4
0035   203D           00079      CALL PONER_2
0036   2817           00080      GOTO ZONA2
                      00081      
                      00082 
                      00083 
0037   304F           00084 PONER_1 MOVLW B'1001111'
0038   0086           00085         MOVWF PORTB
0039   0008           00086         RETURN
003A   3001           00087 PONER_0 MOVLW B'0000001'
003B   0086           00088         MOVWF PORTB
003C   0008           00089         RETURN
003D   3012           00090 PONER_2 MOVLW B'0010010'
003E   0086           00091         MOVWF PORTB
003F   0008           00092         RETURN
0040   3006           00093 PONER_3 MOVLW B'0000110'
0041   0086           00094         MOVWF PORTB
0042   0008           00095         RETURN
Warning[205]: Found directive in column 1. (END)
                      00096 END
MPASM  5.40                        SENSOR.ASM   4-3-2011  17:41:49         PAGE  4


SYMBOL TABLE
  LABEL                             VALUE 

ACKDT                             00000005
ACKEN                             00000004
ACKSTAT                           00000006
ADCON0                            0000001F
ADCON1                            0000009F
ADCS0                             00000006
ADCS1                             00000007
ADCS2                             00000006
ADDEN                             00000003
ADFM                              00000007
ADIE                              00000006
ADIF                              00000006
ADON                              00000000
ADRESH                            0000001E
ADRESL                            0000009E
BCLIE                             00000003
BCLIF                             00000003
BF                                00000000
BRGH                              00000002
C                                 00000000
C1INV                             00000004
C1OUT                             00000006
C2INV                             00000005
C2OUT                             00000007
CCP1CON                           00000017
CCP1IE                            00000002
CCP1IF                            00000002
CCP1M0                            00000000
CCP1M1                            00000001
CCP1M2                            00000002
CCP1M3                            00000003
CCP1X                             00000005
CCP1Y                             00000004
CCP2CON                           0000001D
CCP2IE                            00000000
CCP2IF                            00000000
CCP2M0                            00000000
CCP2M1                            00000001
CCP2M2                            00000002
CCP2M3                            00000003
CCP2X                             00000005
CCP2Y                             00000004
CCPR1                             00000015
CCPR1H                            00000016
CCPR1L                            00000015
CCPR2                             0000001B
CCPR2H                            0000001C
CCPR2L                            0000001B
CHS0                              00000003
CHS1                              00000004
CHS2                              00000005
CIS                               00000003
CKE                               00000006
MPASM  5.40                        SENSOR.ASM   4-3-2011  17:41:49         PAGE  5


SYMBOL TABLE
  LABEL                             VALUE 

CKP                               00000004
CM0                               00000000
CM1                               00000001
CM2                               00000002
CMCON                             0000009C
CMIE                              00000006
CMIF                              00000006
CONF_ADCON1                       00000006
CREN                              00000004
CSRC                              00000007
CVR0                              00000000
CVR1                              00000001
CVR2                              00000002
CVR3                              00000003
CVRCON                            0000009D
CVREN                             00000007
CVROE                             00000006
CVRR                              00000005
D                                 00000005
DATA_ADDRESS                      00000005
DC                                00000001
D_A                               00000005
D_NOT_A                           00000005
EEADR                             0000010D
EEADRH                            0000010F
EECON1                            0000018C
EECON2                            0000018D
EEDATA                            0000010C
EEDATH                            0000010E
EEIE                              00000004
EEIF                              00000004
EEPGD                             00000007
F                                 00000001
FERR                              00000002
FSR                               00000004
GCEN                              00000007
GIE                               00000007
GO                                00000002
GO_DONE                           00000002
GO_NOT_DONE                       00000002
I2C_DATA                          00000005
I2C_READ                          00000002
I2C_START                         00000003
I2C_STOP                          00000004
IBF                               00000007
IBOV                              00000005
INDF                              00000000
INICIO                            00000011
INTCON                            0000000B
INTE                              00000004
INTEDG                            00000006
INTF                              00000001
IRP                               00000007
MPASM  5.40                        SENSOR.ASM   4-3-2011  17:41:49         PAGE  6


SYMBOL TABLE
  LABEL                             VALUE 

NOT_A                             00000005
NOT_ADDRESS                       00000005
NOT_BO                            00000000
NOT_BOR                           00000000
NOT_DONE                          00000002
NOT_PD                            00000003
NOT_POR                           00000001
NOT_RBPU                          00000007
NOT_RC8                           00000006
NOT_T1SYNC                        00000002
NOT_TO                            00000004
NOT_TX8                           00000006
NOT_W                             00000002
NOT_WRITE                         00000002
OBF                               00000006
OERR                              00000001
OPTION_REG                        00000081
P                                 00000004
PCFG0                             00000000
PCFG1                             00000001
PCFG2                             00000002
PCFG3                             00000003
PCL                               00000002
PCLATH                            0000000A
PCON                              0000008E
PEIE                              00000006
PEN                               00000002
PIE1                              0000008C
PIE2                              0000008D
PIR1                              0000000C
PIR2                              0000000D
PONER_0                           0000003A
PONER_1                           00000037
PONER_2                           0000003D
PONER_3                           00000040
PORTA                             00000005
PORTB                             00000006
PORTC                             00000007
PORTD                             00000008
PORTE                             00000009
PR2                               00000092
PRE1                              0000001D
PRE3                              0000002A
PS0                               00000000
PS1                               00000001
PS2                               00000002
PSA                               00000003
PSPIE                             00000007
PSPIF                             00000007
PSPMODE                           00000004
R                                 00000002
RA0                               00000000
RA1                               00000001
MPASM  5.40                        SENSOR.ASM   4-3-2011  17:41:49         PAGE  7


SYMBOL TABLE
  LABEL                             VALUE 

RA2                               00000002
RA3                               00000003
RA4                               00000004
RA5                               00000005
RB0                               00000000
RB1                               00000001
RB2                               00000002
RB3                               00000003
RB4                               00000004
RB5                               00000005
RB6                               00000006
RB7                               00000007
RBIE                              00000003
RBIF                              00000000
RC0                               00000000
RC1                               00000001
RC2                               00000002
RC3                               00000003
RC4                               00000004
RC5                               00000005
RC6                               00000006
RC7                               00000007
RC8_9                             00000006
RC9                               00000006
RCD8                              00000000
RCEN                              00000003
RCIE                              00000005
RCIF                              00000005
RCREG                             0000001A
RCSTA                             00000018
RD                                00000000
RD0                               00000000
RD1                               00000001
RD2                               00000002
RD3                               00000003
RD4                               00000004
RD5                               00000005
RD6                               00000006
RD7                               00000007
RE0                               00000000
RE1                               00000001
RE2                               00000002
READ_WRITE                        00000002
RP0                               00000005
RP1                               00000006
RSEN                              00000001
RX9                               00000006
RX9D                              00000000
R_NOT_W                           00000002
R_W                               00000002
S                                 00000003
SEN                               00000000
SMP                               00000007
MPASM  5.40                        SENSOR.ASM   4-3-2011  17:41:49         PAGE  8


SYMBOL TABLE
  LABEL                             VALUE 

SPBRG                             00000099
SPEN                              00000007
SREN                              00000005
SSPADD                            00000093
SSPBUF                            00000013
SSPCON                            00000014
SSPCON2                           00000091
SSPEN                             00000005
SSPIE                             00000003
SSPIF                             00000003
SSPM0                             00000000
SSPM1                             00000001
SSPM2                             00000002
SSPM3                             00000003
SSPOV                             00000006
SSPSTAT                           00000094
STATUS                            00000003
SYNC                              00000004
T0CS                              00000005
T0IE                              00000005
T0IF                              00000002
T0SE                              00000004
T1CKPS0                           00000004
T1CKPS1                           00000005
T1CON                             00000010
T1INSYNC                          00000002
T1OSCEN                           00000003
T1SYNC                            00000002
T2CKPS0                           00000000
T2CKPS1                           00000001
T2CON                             00000012
TMR0                              00000001
TMR0IE                            00000005
TMR0IF                            00000002
TMR1CS                            00000001
TMR1H                             0000000F
TMR1IE                            00000000
TMR1IF                            00000000
TMR1L                             0000000E
TMR1ON                            00000000
TMR2                              00000011
TMR2IE                            00000001
TMR2IF                            00000001
TMR2ON                            00000002
TOUTPS0                           00000003
TOUTPS1                           00000004
TOUTPS2                           00000005
TOUTPS3                           00000006
TRISA                             00000085
TRISA0                            00000000
TRISA1                            00000001
TRISA2                            00000002
TRISA3                            00000003
MPASM  5.40                        SENSOR.ASM   4-3-2011  17:41:49         PAGE  9


SYMBOL TABLE
  LABEL                             VALUE 

TRISA4                            00000004
TRISA5                            00000005
TRISB                             00000086
TRISB0                            00000000
TRISB1                            00000001
TRISB2                            00000002
TRISB3                            00000003
TRISB4                            00000004
TRISB5                            00000005
TRISB6                            00000006
TRISB7                            00000007
TRISC                             00000087
TRISC0                            00000000
TRISC1                            00000001
TRISC2                            00000002
TRISC3                            00000003
TRISC4                            00000004
TRISC5                            00000005
TRISC6                            00000006
TRISC7                            00000007
TRISD                             00000088
TRISD0                            00000000
TRISD1                            00000001
TRISD2                            00000002
TRISD3                            00000003
TRISD4                            00000004
TRISD5                            00000005
TRISD6                            00000006
TRISD7                            00000007
TRISE                             00000089
TRISE0                            00000000
TRISE1                            00000001
TRISE2                            00000002
TRMT                              00000001
TX8_9                             00000006
TX9                               00000006
TX9D                              00000000
TXD8                              00000000
TXEN                              00000005
TXIE                              00000004
TXIF                              00000004
TXREG                             00000019
TXSTA                             00000098
UA                                00000001
W                                 00000000
WCOL                              00000007
WR                                00000001
WREN                              00000002
WRERR                             00000003
Z                                 00000002
ZONA2                             00000017
_BODEN_OFF                        00003FBF
_BODEN_ON                         00003FFF
MPASM  5.40                        SENSOR.ASM   4-3-2011  17:41:49         PAGE 10


SYMBOL TABLE
  LABEL                             VALUE 

_CONFIG                           00002007
_CPD_OFF                          00003FFF
_CPD_ON                           00003EFF
_CP_ALL                           00001FFF
_CP_OFF                           00003FFF
_DEBUG_OFF                        00003FFF
_DEBUG_ON                         000037FF
_DEVID1                           00002006
_HS_OSC                           00003FFE
_IDLOC0                           00002000
_IDLOC1                           00002001
_IDLOC2                           00002002
_IDLOC3                           00002003
_LP_OSC                           00003FFC
_LVP_OFF                          00003F7F
_LVP_ON                           00003FFF
_PWRTE_OFF                        00003FFF
_PWRTE_ON                         00003FF7
_RC_OSC                           00003FFF
_WDT_OFF                          00003FFB
_WDT_ON                           00003FFF
_WRT_1FOURTH                      00003BFF
_WRT_256                          00003DFF
_WRT_HALF                         000039FF
_WRT_OFF                          00003FFF
_XT_OSC                           00003FFD
__16F877A                         00000001
__DEBUG                           1


MEMORY USAGE MAP ('X' = Used,  '-' = Unused)

0000 : XXXXXXXXXXXXXXXX XXXXXXXXXXXXXXXX XXXXXXXXXXXXXXXX XXXXXXXXXXXXXXXX
0040 : XXX------------- ---------------- ---------------- ----------------
2000 : -------X-------- ---------------- ---------------- ----------------

All other memory blocks unused.

Program Memory Words Used:    67
Program Memory Words Free:  8125


Errors   :     0
Warnings :    20 reported,     0 suppressed
Messages :     7 reported,     0 suppressed

